procs -----------memory---------- ---swap-- -----io---- -system-- ------cpu-----
 r  b   swpd   free   buff  cache   si   so    bi    bo   in   cs us sy id wa st
 1  0      0 8144888 132616 7477296    0    0    24    75  100  104 21  3 76  0  0
 2  0      0 8133028 132616 7477320    0    0     0     0 30475 15575  9 14 77  0  0
 3  0      0 8143252 132616 7477320    0    0     0     0 30108 16673  9 15 76  0  0
 1  0      0 8144520 132616 7477320    0    0     0     0 31810 16624  9 15 77  0  0
 3  0      0 8134992 132616 7477320    0    0     0    48 30099 16421  9 15 76  0  0
 1  0      0 8133804 132616 7477320    0    0     0     0 29270 15676  9 14 77  0  0
 1  0      0 8136488 132624 7477320    0    0     0    16 31439 15777 10 14 76  0  0
 2  0      0 8143496 132624 7477320    0    0     0     0 31120 15858 10 15 76  0  0
 2  0      0 8143284 132624 7477320    0    0     0     0 29437 14374  9 14 76  0  0
 5  0      0 8147540 132624 7477320    0    0     0     0 30375 15679  9 15 76  0  0
 6  0      0 8149500 132624 7477320    0    0     0     0 30073 15794 10 14 76  0  0
 1  0      0 8137660 132624 7477320    0    0     0     0 30158 15295  9 15 76  0  0
 2  0      0 8140456 132640 7477320    0    0     0    24 30265 15960  9 14 76  0  0
 2  0      0 8153448 132640 7477320    0    0     0     0 29432 16277  9 14 76  0  0
 1  0      0 8145312 132640 7477320    0    0     0     0 29849 15839 10 14 76  0  0
 1  0      0 8142008 132640 7477320    0    0     0     4 31518 15803  9 15 76  0  0
 1  0      0 8146416 132640 7477320    0    0     0     0 29741 15328  9 15 77  0  0
 4  0      0 8140792 132640 7477320    0    0     0     4 29458 14832  9 15 76  0  0
 1  0      0 8142304 132648 7477320    0    0     0    20 32186 16795  9 15 76  0  0
 2  0      0 8132876 132648 7477320    0    0     0     0 32102 16457  9 15 76  0  0
 2  0      0 8146440 132648 7477320    0    0     0    12 32443 17718  9 14 77  0  0
procs -----------memory---------- ---swap-- -----io---- -system-- ------cpu-----
 r  b   swpd   free   buff  cache   si   so    bi    bo   in   cs us sy id wa st
 1  0      0 8140244 132652 7477320    0    0     0     8 31285 15897  9 15 76  0  0
 1  0      0 8140164 132652 7477320    0    0     0     0 30419 15008  9 14 76  0  0
 2  0      0 8136076 132660 7477320    0    0     0    12 30481 15925 10 14 76  0  0
 1  0      0 8147128 132660 7477320    0    0     0     0 31237 16052  9 14 76  0  0
 1  0      0 8140096 132660 7477320    0    0     0     0 29990 16118 10 14 76  0  0
 1  0      0 8139700 132660 7477320    0    0     0     0 30376 16271 10 15 76  0  0
 1  0      0 8138408 132660 7477320    0    0     0     0 30764 16638 10 14 76  0  0
 2  0      0 8146656 132660 7477320    0    0     0     0 28605 14643  9 15 76  0  0
 1  0      0 8145420 132668 7477320    0    0     0    12 29159 14324  9 15 76  0  0
 1  0      0 8129236 132668 7477320    0    0     0     0 30153 15662  9 15 76  0  0
 2  0      0 8140332 132668 7477320    0    0     0     0 28745 14216  9 15 76  0  0
 2  0      0 8138204 132668 7477320    0    0     0     0 30736 16229  9 15 76  0  0
 1  0      0 8142484 132668 7477320    0    0     0     0 30969 16150  9 15 76  0  0
 1  0      0 8134224 132668 7477320    0    0     0     0 29299 15301  9 14 77  0  0
 2  0      0 8148244 132676 7477320    0    0     0    12 28415 14932  9 15 76  0  0
 1  0      0 8156976 132676 7477320    0    0     0     0 29884 15338  9 14 76  0  0
 1  0      0 8129160 132676 7477320    0    0     0     0 27363 14572  9 15 77  0  0
 2  0      0 8136960 132676 7477320    0    0     0     0 29444 15306  9 15 76  0  0
 1  0      0 8142280 132676 7477320    0    0     0     0 31349 15729  9 15 76  0  0
 5  0      0 8137164 132676 7477320    0    0     0     0 30253 15464 10 14 76  0  0
 5  0      0 8143440 132684 7477320    0    0     0    20 30227 15456  9 14 77  0  0
procs -----------memory---------- ---swap-- -----io---- -system-- ------cpu-----
 r  b   swpd   free   buff  cache   si   so    bi    bo   in   cs us sy id wa st
 1  0      0 8140840 132684 7477320    0    0     0     0 31703 15703  9 15 76  0  0
 1  0      0 8141336 132684 7477344    0    0     0     0 29818 15187  9 15 76  0  0
 3  0      0 8132476 132684 7477344    0    0     0     0 28316 15036 10 14 76  0  0
 1  0      0 8145336 132684 7477344    0    0     0     0 31606 16415  9 14 76  0  0
 1  0      0 8140400 132688 7477344    0    0     0     4 32004 16414  9 14 77  0  0
 1  0      0 8132788 132696 7477344    0    0     0    12 28077 15268 10 15 76  0  0
 1  0      0 8135756 132696 7477344    0    0     0     8 30912 16485 10 15 76  0  0
 3  0      0 8141020 132696 7477344    0    0     0     0 29468 15485  9 14 76  0  0
 2  0      0 8135212 132696 7477344    0    0     0     0 30878 16329  9 14 76  0  0
 1  0      0 8141392 132696 7477344    0    0     0     0 29918 15691  9 14 76  0  0
 3  0      0 8138556 132696 7477344    0    0     0     0 31668 16319 10 14 76  0  0
 1  0      0 8133840 132704 7477344    0    0     0    20 29945 15364 10 15 76  0  0
 2  0      0 8139488 132704 7477344    0    0     0     0 32750 17540  9 15 76  0  0
 0  0      0 8183440 132704 7477348    0    0     0     0 26369 13743  9 13 78  0  0
 0  0      0 8183552 132704 7477348    0    0     0     0   57   63  0  0 100  0  0
 0  0      0 8183552 132704 7477348    0    0     0     0   56   60  0  0 100  0  0
 0  0      0 8183480 132704 7477348    0    0     0    12  161  113  0  0 100  0  0
 2  0      0 8180564 132712 7477348    0    0     0    32 24666 18045  2  4 94  0  0
 6  0      0 8177464 132712 7477476    0    0     0     0 271487 222166 18 40 41  0  0
 5  0      0 8177416 132712 7477412    0    0     0     0 278036 222657 20 39 41  0  0
 9  0      0 8177836 132712 7476804    0    0     0     0 277509 225502 19 40 41  0  0
procs -----------memory---------- ---swap-- -----io---- -system-- ------cpu-----
 r  b   swpd   free   buff  cache   si   so    bi    bo   in   cs us sy id wa st
 6  0      0 8177620 132712 7477188    0    0     0     0 279746 220070 19 40 40  0  0
 6  0      0 8178008 132712 7477092    0    0     0    20 276945 226972 19 40 41  0  0
 7  0      0 8177820 132720 7477188    0    0     0    12 281560 227523 19 41 40  0  0
 8  0      0 8178664 132720 7477028    0    0     0     0 282692 225681 20 40 40  0  0
 4  0      0 8177548 132720 7476964    0    0     0     0 266414 214403 18 42 41  0  0
 6  0      0 8177048 132720 7477508    0    0     0     0 286262 229110 20 40 40  0  0
 5  0      0 8177616 132720 7477028    0    0     0     0 285605 229585 20 40 40  0  0
 3  0      0 8175924 132728 7476964    0    0     0    12 281582 225824 20 39 41  0  0
 6  0      0 8177152 132728 7477316    0    0     0     0 281394 225087 19 40 40  0  0
 6  0      0 8177200 132728 7477508    0    0     0     0 281830 223465 19 40 41  0  0
 3  0      0 8178176 132728 7477188    0    0     0     0 280242 228611 20 40 40  0  0
 3  0      0 8177740 132728 7477348    0    0     0     0 286142 228541 21 39 39  0  0
 5  0      0 8177464 132728 7477348    0    0     0     0 284948 225505 20 40 40  0  0
 4  0      0 8177716 132736 7477284    0    0     0    12 278577 223640 19 40 41  0  0
 5  0      0 8178924 132736 7477188    0    0     0     0 288913 224262 19 41 39  0  0
 7  0      0 8177972 132736 7477092    0    0     0     0 231807 212587 20 38 42  0  0
 5  0      0 8177420 132736 7477316    0    0     0     4 228357 203700 19 39 42  0  0
 9  0      0 8176692 132736 7477348    0    0     0     0 229887 206272 19 39 42  0  0
10  0      0 8177324 132736 7477700    0    0     0     0 225426 213757 19 39 42  0  0
 3  0      0 8176584 132744 7477444    0    0     0    12 228195 201520 20 38 42  0  0
 4  0      0 8177904 132744 7477252    0    0     0     0 223648 210205 19 40 42  0  0
procs -----------memory---------- ---swap-- -----io---- -system-- ------cpu-----
 r  b   swpd   free   buff  cache   si   so    bi    bo   in   cs us sy id wa st
 5  0      0 8177660 132744 7477348    0    0     0     0 227076 203001 20 39 41  0  0
 7  0      0 8177248 132744 7477604    0    0     0     0 220667 211808 19 38 42  0  0
 6  0      0 8177108 132744 7477476    0    0     0     0 233961 213773 19 40 42  0  0
 3  0      0 8175876 132744 7477256    0    0     0     0 229406 203779 20 38 42  0  0
 8  0      0 8177032 132752 7477288    0    0     0    12 229456 207561 20 37 43  0  0
 5  0      0 8177172 132760 7477280    0    0     0    12 232593 209891 19 39 42  0  0
 4  0      0 8177056 132760 7477416    0    0     0     0 229994 201833 19 39 42  0  0
 6  0      0 8177608 132760 7477160    0    0     0     0 231637 209015 19 39 42  0  0
 5  0      0 8176796 132760 7477352    0    0     0     0 226633 205418 20 38 42  0  0
 8  0      0 8178152 132760 7477288    0    0     0     0 229525 203857 20 38 42  0  0
20  0      0 8177412 132768 7477480    0    0     0    12 221176 200390 19 38 43  0  0
10  0      0 8177008 132768 7477256    0    0     0     0 227667 210852 19 39 42  0  0
 1  0      0 8177364 132768 7477192    0    0     0     0 230895 213287 19 39 42  0  0
 5  0      0 8176988 132768 7477192    0    0     0     0 225041 208361 18 38 43  0  0
 8  0      0 8177276 132768 7476872    0    0     0     0 233314 205901 20 39 41  0  0
 5  0      0 8177644 132768 7477416    0    0     0     0 233453 209076 20 39 41  0  0
 2  0      0 8177448 132776 7477160    0    0     0    12 234117 210430 20 39 41  0  0
 1  0      0 8177020 132776 7477544    0    0     0     0 230949 213396 19 39 42  0  0
 6  0      0 8176868 132776 7477160    0    0     0     0 226188 203515 19 39 42  0  0
 5  0      0 8177600 132776 7477384    0    0     0     0 234317 213446 20 38 42  0  0
 6  0      0 8176972 132776 7477352    0    0     0     0 226991 208435 19 38 42  0  0
procs -----------memory---------- ---swap-- -----io---- -system-- ------cpu-----
 r  b   swpd   free   buff  cache   si   so    bi    bo   in   cs us sy id wa st
 2  0      0 8177988 132784 7477128    0    0     0    12 229988 205370 19 39 42  0  0
 4  0      0 8176828 132784 7477288    0    0     0     0 232097 206290 20 38 42  0  0
 3  0      0 8177340 132784 7477256    0    0     0     0 229684 211571 19 39 42  0  0
 6  0      0 8176616 132784 7477064    0    0     0     0 230039 215333 19 39 42  0  0
 6  0      0 8177796 132784 7477352    0    0     0     0 230397 216636 20 38 42  0  0
 1  0      0 8176956 132784 7477320    0    0     0     8 234521 205945 19 39 42  0  0
 3  0      0 8177336 132792 7477288    0    0     0    20 228672 213157 19 38 43  0  0
 4  0      0 8176672 132792 7477096    0    0     0     0 226109 206439 20 39 42  0  0
 5  0      0 8179052 132792 7476840    0    0     0     0 228492 211528 19 39 42  0  0
